2021-06-01 12:58:13.301 [INFO ] com.forever.blogserver.BlogServerApplicationTests - Starting BlogServerApplicationTests using Java 1.8.0_271 on W10-20201212464 with PID 11036 (started by Lin in D:\UserData\Desktop\project\get-projiect\blog_2.0\blog-server)
2021-06-01 12:58:13.306 [INFO ] com.forever.blogserver.BlogServerApplicationTests - No active profile set, falling back to default profiles: default
2021-06-01 12:58:16.046 [INFO ] com.alibaba.druid.spring.boot.autoconfigure.DruidDataSourceAutoConfigure - Init DruidDataSource
2021-06-01 12:58:16.414 [INFO ] com.alibaba.druid.pool.DruidDataSource - {dataSource-1} inited
2021-06-01 12:58:19.669 [INFO ] org.springframework.boot.actuate.endpoint.web.EndpointLinksResolver - Exposing 1 endpoint(s) beneath base path '/actuator'
2021-06-01 12:58:21.104 [INFO ] org.springframework.security.web.DefaultSecurityFilterChain - Will secure any request with [org.springframework.security.web.context.request.async.WebAsyncManagerIntegrationFilter@10e56da9, org.springframework.security.web.context.SecurityContextPersistenceFilter@22865072, org.springframework.security.web.header.HeaderWriterFilter@4e5c8ef3, org.springframework.security.web.authentication.logout.LogoutFilter@1e6bd263, com.forever.blogserver.handler.MyUsernamePasswordAuthenticationFilter@28cb86b2, org.springframework.security.web.authentication.UsernamePasswordAuthenticationFilter@635ff2a5, org.springframework.security.web.authentication.ui.DefaultLoginPageGeneratingFilter@221b77d7, org.springframework.security.web.authentication.ui.DefaultLogoutPageGeneratingFilter@22ae905f, org.springframework.security.web.savedrequest.RequestCacheAwareFilter@5d5d3a5c, org.springframework.security.web.servletapi.SecurityContextHolderAwareRequestFilter@50a7c72b, org.springframework.security.web.authentication.AnonymousAuthenticationFilter@748904e8, org.springframework.security.web.session.SessionManagementFilter@27358a19, org.springframework.security.web.access.ExceptionTranslationFilter@65844c96, org.springframework.security.web.access.intercept.FilterSecurityInterceptor@15994b0b]
2021-06-01 12:58:22.346 [INFO ] com.forever.blogserver.BlogServerApplicationTests - Started BlogServerApplicationTests in 9.879 seconds (JVM running for 11.409)
2021-06-01 12:58:22.351 [INFO ] org.springframework.boot.availability.ApplicationAvailabilityBean - Application availability state LivenessState changed to CORRECT
2021-06-01 12:58:22.355 [INFO ] org.springframework.boot.availability.ApplicationAvailabilityBean - Application availability state ReadinessState changed to ACCEPTING_TRAFFIC
2021-06-01 13:00:51.339 [INFO ] com.forever.blogserver.BlogServerApplicationTests - Starting BlogServerApplicationTests using Java 1.8.0_271 on W10-20201212464 with PID 620 (started by Lin in D:\UserData\Desktop\project\get-projiect\blog_2.0\blog-server)
2021-06-01 13:00:51.343 [INFO ] com.forever.blogserver.BlogServerApplicationTests - No active profile set, falling back to default profiles: default
2021-06-01 13:00:54.064 [INFO ] com.alibaba.druid.spring.boot.autoconfigure.DruidDataSourceAutoConfigure - Init DruidDataSource
2021-06-01 13:00:54.436 [INFO ] com.alibaba.druid.pool.DruidDataSource - {dataSource-1} inited
2021-06-01 13:00:57.971 [INFO ] org.springframework.boot.actuate.endpoint.web.EndpointLinksResolver - Exposing 1 endpoint(s) beneath base path '/actuator'
2021-06-01 13:00:59.283 [INFO ] org.springframework.security.web.DefaultSecurityFilterChain - Will secure any request with [org.springframework.security.web.context.request.async.WebAsyncManagerIntegrationFilter@51d8f2f2, org.springframework.security.web.context.SecurityContextPersistenceFilter@25e8e59, org.springframework.security.web.header.HeaderWriterFilter@6e0d16a4, org.springframework.security.web.authentication.logout.LogoutFilter@58601e7a, com.forever.blogserver.handler.MyUsernamePasswordAuthenticationFilter@4b476233, org.springframework.security.web.authentication.UsernamePasswordAuthenticationFilter@7aae1170, org.springframework.security.web.authentication.ui.DefaultLoginPageGeneratingFilter@6e00837f, org.springframework.security.web.authentication.ui.DefaultLogoutPageGeneratingFilter@72fb989b, org.springframework.security.web.savedrequest.RequestCacheAwareFilter@50a7c72b, org.springframework.security.web.servletapi.SecurityContextHolderAwareRequestFilter@d108406, org.springframework.security.web.authentication.AnonymousAuthenticationFilter@4f235e8e, org.springframework.security.web.session.SessionManagementFilter@305b43ca, org.springframework.security.web.access.ExceptionTranslationFilter@563317c1, org.springframework.security.web.access.intercept.FilterSecurityInterceptor@3407aa4f]
2021-06-01 13:01:00.520 [INFO ] com.forever.blogserver.BlogServerApplicationTests - Started BlogServerApplicationTests in 9.951 seconds (JVM running for 11.342)
2021-06-01 13:01:00.525 [INFO ] org.springframework.boot.availability.ApplicationAvailabilityBean - Application availability state LivenessState changed to CORRECT
2021-06-01 13:01:00.530 [INFO ] org.springframework.boot.availability.ApplicationAvailabilityBean - Application availability state ReadinessState changed to ACCEPTING_TRAFFIC
2021-06-01 23:15:58.300 [INFO ] com.forever.blogserver.BlogServerApplicationTests - Starting BlogServerApplicationTests using Java 1.8.0_271 on W10-20201212464 with PID 23392 (started by Lin in D:\UserData\Desktop\project\get-projiect\blog_2.0\blog-server)
2021-06-01 23:15:58.323 [INFO ] com.forever.blogserver.BlogServerApplicationTests - No active profile set, falling back to default profiles: default
2021-06-01 23:16:02.112 [INFO ] com.alibaba.druid.spring.boot.autoconfigure.DruidDataSourceAutoConfigure - Init DruidDataSource
2021-06-01 23:16:02.914 [INFO ] com.alibaba.druid.pool.DruidDataSource - {dataSource-1} inited
2021-06-01 23:16:06.845 [INFO ] org.springframework.boot.actuate.endpoint.web.EndpointLinksResolver - Exposing 1 endpoint(s) beneath base path '/actuator'
2021-06-01 23:16:08.531 [INFO ] org.springframework.security.web.DefaultSecurityFilterChain - Will secure any request with [org.springframework.security.web.context.request.async.WebAsyncManagerIntegrationFilter@22ae905f, org.springframework.security.web.context.SecurityContextPersistenceFilter@5d5d3a5c, org.springframework.security.web.header.HeaderWriterFilter@27358a19, org.springframework.security.web.authentication.logout.LogoutFilter@635ff2a5, com.forever.blogserver.handler.MyUsernamePasswordAuthenticationFilter@748904e8, org.springframework.security.web.authentication.UsernamePasswordAuthenticationFilter@1515f782, org.springframework.security.web.authentication.ui.DefaultLoginPageGeneratingFilter@32a8ca06, org.springframework.security.web.authentication.ui.DefaultLogoutPageGeneratingFilter@4fbaa7f5, org.springframework.security.web.savedrequest.RequestCacheAwareFilter@7e18ced7, org.springframework.security.web.servletapi.SecurityContextHolderAwareRequestFilter@221b77d7, org.springframework.security.web.authentication.AnonymousAuthenticationFilter@3b3056a6, org.springframework.security.web.session.SessionManagementFilter@22865072, org.springframework.security.web.access.ExceptionTranslationFilter@4e5c8ef3, org.springframework.security.web.access.intercept.FilterSecurityInterceptor@1a717d79]
2021-06-01 23:16:10.062 [INFO ] com.forever.blogserver.BlogServerApplicationTests - Started BlogServerApplicationTests in 12.646 seconds (JVM running for 14.943)
2021-06-01 23:16:10.068 [INFO ] org.springframework.boot.availability.ApplicationAvailabilityBean - Application availability state LivenessState changed to CORRECT
2021-06-01 23:16:10.073 [INFO ] org.springframework.boot.availability.ApplicationAvailabilityBean - Application availability state ReadinessState changed to ACCEPTING_TRAFFIC
