2021-06-02 01:08:37.025 [INFO ] com.forever.blogserver.BlogServerApplicationTests - Starting BlogServerApplicationTests using Java 1.8.0_271 on W10-20201212464 with PID 612 (started by Lin in D:\UserData\Desktop\project\get-projiect\blog_2.0\blog-server)
2021-06-02 01:08:37.028 [INFO ] com.forever.blogserver.BlogServerApplicationTests - No active profile set, falling back to default profiles: default
2021-06-02 01:08:39.449 [INFO ] com.alibaba.druid.spring.boot.autoconfigure.DruidDataSourceAutoConfigure - Init DruidDataSource
2021-06-02 01:08:39.844 [INFO ] com.alibaba.druid.pool.DruidDataSource - {dataSource-1} inited
2021-06-02 01:08:42.904 [INFO ] org.springframework.boot.actuate.endpoint.web.EndpointLinksResolver - Exposing 1 endpoint(s) beneath base path '/actuator'
2021-06-02 01:08:44.143 [INFO ] org.springframework.security.web.DefaultSecurityFilterChain - Will secure any request with [org.springframework.security.web.context.request.async.WebAsyncManagerIntegrationFilter@3b3056a6, org.springframework.security.web.context.SecurityContextPersistenceFilter@305b43ca, org.springframework.security.web.header.HeaderWriterFilter@563317c1, org.springframework.security.web.authentication.logout.LogoutFilter@7f5ce33e, com.forever.blogserver.handler.MyUsernamePasswordAuthenticationFilter@6d4a05f7, org.springframework.security.web.authentication.UsernamePasswordAuthenticationFilter@58601e7a, org.springframework.security.web.authentication.ui.DefaultLoginPageGeneratingFilter@d108406, org.springframework.security.web.authentication.ui.DefaultLogoutPageGeneratingFilter@51d8f2f2, org.springframework.security.web.savedrequest.RequestCacheAwareFilter@25e8e59, org.springframework.security.web.servletapi.SecurityContextHolderAwareRequestFilter@6e8f2094, org.springframework.security.web.authentication.AnonymousAuthenticationFilter@4b476233, org.springframework.security.web.session.SessionManagementFilter@6e0d16a4, org.springframework.security.web.access.ExceptionTranslationFilter@8077c97, org.springframework.security.web.access.intercept.FilterSecurityInterceptor@698d6d30]
2021-06-02 01:08:45.178 [INFO ] com.forever.blogserver.BlogServerApplicationTests - Started BlogServerApplicationTests in 8.854 seconds (JVM running for 10.618)
2021-06-02 01:08:45.183 [INFO ] org.springframework.boot.availability.ApplicationAvailabilityBean - Application availability state LivenessState changed to CORRECT
2021-06-02 01:08:45.185 [INFO ] org.springframework.boot.availability.ApplicationAvailabilityBean - Application availability state ReadinessState changed to ACCEPTING_TRAFFIC
2021-06-02 01:09:03.339 [INFO ] com.forever.blogserver.BlogServerApplicationTests - Starting BlogServerApplicationTests using Java 1.8.0_271 on W10-20201212464 with PID 24364 (started by Lin in D:\UserData\Desktop\project\get-projiect\blog_2.0\blog-server)
2021-06-02 01:09:03.342 [INFO ] com.forever.blogserver.BlogServerApplicationTests - No active profile set, falling back to default profiles: default
2021-06-02 01:09:06.072 [INFO ] com.alibaba.druid.spring.boot.autoconfigure.DruidDataSourceAutoConfigure - Init DruidDataSource
2021-06-02 01:09:06.398 [INFO ] com.alibaba.druid.pool.DruidDataSource - {dataSource-1} inited
2021-06-02 01:09:09.480 [INFO ] org.springframework.boot.actuate.endpoint.web.EndpointLinksResolver - Exposing 1 endpoint(s) beneath base path '/actuator'
2021-06-02 01:09:10.798 [INFO ] org.springframework.security.web.DefaultSecurityFilterChain - Will secure any request with [org.springframework.security.web.context.request.async.WebAsyncManagerIntegrationFilter@6a878778, org.springframework.security.web.context.SecurityContextPersistenceFilter@1280bae3, org.springframework.security.web.header.HeaderWriterFilter@1fca53a7, org.springframework.security.web.authentication.logout.LogoutFilter@286dfa20, com.forever.blogserver.handler.MyUsernamePasswordAuthenticationFilter@1eabfad5, org.springframework.security.web.authentication.UsernamePasswordAuthenticationFilter@1468e880, org.springframework.security.web.authentication.ui.DefaultLoginPageGeneratingFilter@4dd4965a, org.springframework.security.web.authentication.ui.DefaultLogoutPageGeneratingFilter@6207145c, org.springframework.security.web.savedrequest.RequestCacheAwareFilter@1868ed54, org.springframework.security.web.servletapi.SecurityContextHolderAwareRequestFilter@9f2fe2e, org.springframework.security.web.authentication.AnonymousAuthenticationFilter@2a259f6f, org.springframework.security.web.session.SessionManagementFilter@21e39b82, org.springframework.security.web.access.ExceptionTranslationFilter@5366575d, org.springframework.security.web.access.intercept.FilterSecurityInterceptor@6ff8e744]
2021-06-02 01:09:12.190 [INFO ] com.forever.blogserver.BlogServerApplicationTests - Started BlogServerApplicationTests in 9.532 seconds (JVM running for 11.132)
2021-06-02 01:09:12.195 [INFO ] org.springframework.boot.availability.ApplicationAvailabilityBean - Application availability state LivenessState changed to CORRECT
2021-06-02 01:09:12.198 [INFO ] org.springframework.boot.availability.ApplicationAvailabilityBean - Application availability state ReadinessState changed to ACCEPTING_TRAFFIC
2021-06-02 01:09:51.047 [INFO ] com.forever.blogserver.BlogServerApplicationTests - Starting BlogServerApplicationTests using Java 1.8.0_271 on W10-20201212464 with PID 23076 (started by Lin in D:\UserData\Desktop\project\get-projiect\blog_2.0\blog-server)
2021-06-02 01:09:51.051 [INFO ] com.forever.blogserver.BlogServerApplicationTests - No active profile set, falling back to default profiles: default
2021-06-02 01:09:54.539 [INFO ] com.alibaba.druid.spring.boot.autoconfigure.DruidDataSourceAutoConfigure - Init DruidDataSource
2021-06-02 01:09:54.957 [INFO ] com.alibaba.druid.pool.DruidDataSource - {dataSource-1} inited
2021-06-02 01:10:43.354 [INFO ] com.forever.blogserver.BlogServerApplicationTests - Starting BlogServerApplicationTests using Java 1.8.0_271 on W10-20201212464 with PID 17316 (started by Lin in D:\UserData\Desktop\project\get-projiect\blog_2.0\blog-server)
2021-06-02 01:10:43.358 [INFO ] com.forever.blogserver.BlogServerApplicationTests - No active profile set, falling back to default profiles: default
2021-06-02 01:10:46.114 [INFO ] com.alibaba.druid.spring.boot.autoconfigure.DruidDataSourceAutoConfigure - Init DruidDataSource
2021-06-02 01:10:46.478 [INFO ] com.alibaba.druid.pool.DruidDataSource - {dataSource-1} inited
2021-06-02 01:10:49.660 [INFO ] org.springframework.boot.actuate.endpoint.web.EndpointLinksResolver - Exposing 1 endpoint(s) beneath base path '/actuator'
2021-06-02 01:10:51.030 [INFO ] org.springframework.security.web.DefaultSecurityFilterChain - Will secure any request with [org.springframework.security.web.context.request.async.WebAsyncManagerIntegrationFilter@297c3a43, org.springframework.security.web.context.SecurityContextPersistenceFilter@268f0ff3, org.springframework.security.web.header.HeaderWriterFilter@49d979c4, org.springframework.security.web.authentication.logout.LogoutFilter@7296fe0b, com.forever.blogserver.handler.MyUsernamePasswordAuthenticationFilter@4c79ca55, org.springframework.security.web.authentication.UsernamePasswordAuthenticationFilter@4a5066f5, org.springframework.security.web.authentication.ui.DefaultLoginPageGeneratingFilter@2bc2e022, org.springframework.security.web.authentication.ui.DefaultLogoutPageGeneratingFilter@3a63d248, org.springframework.security.web.savedrequest.RequestCacheAwareFilter@3e0855b0, org.springframework.security.web.servletapi.SecurityContextHolderAwareRequestFilter@5d5ae6aa, org.springframework.security.web.authentication.AnonymousAuthenticationFilter@3c4ad54, org.springframework.security.web.session.SessionManagementFilter@26712838, org.springframework.security.web.access.ExceptionTranslationFilter@52290e63, org.springframework.security.web.access.intercept.FilterSecurityInterceptor@1e000a17]
2021-06-02 01:10:52.524 [INFO ] com.forever.blogserver.BlogServerApplicationTests - Started BlogServerApplicationTests in 9.919 seconds (JVM running for 11.63)
2021-06-02 01:10:52.531 [INFO ] org.springframework.boot.availability.ApplicationAvailabilityBean - Application availability state LivenessState changed to CORRECT
2021-06-02 01:10:52.536 [INFO ] org.springframework.boot.availability.ApplicationAvailabilityBean - Application availability state ReadinessState changed to ACCEPTING_TRAFFIC
2021-06-02 01:11:43.264 [INFO ] com.forever.blogserver.BlogServerApplicationTests - Starting BlogServerApplicationTests using Java 1.8.0_271 on W10-20201212464 with PID 5500 (started by Lin in D:\UserData\Desktop\project\get-projiect\blog_2.0\blog-server)
2021-06-02 01:11:43.266 [INFO ] com.forever.blogserver.BlogServerApplicationTests - No active profile set, falling back to default profiles: default
2021-06-02 01:11:45.521 [INFO ] com.alibaba.druid.spring.boot.autoconfigure.DruidDataSourceAutoConfigure - Init DruidDataSource
2021-06-02 01:11:45.791 [INFO ] com.alibaba.druid.pool.DruidDataSource - {dataSource-1} inited
2021-06-02 01:11:48.698 [INFO ] org.springframework.boot.actuate.endpoint.web.EndpointLinksResolver - Exposing 1 endpoint(s) beneath base path '/actuator'
2021-06-02 01:11:49.891 [INFO ] org.springframework.security.web.DefaultSecurityFilterChain - Will secure any request with [org.springframework.security.web.context.request.async.WebAsyncManagerIntegrationFilter@51d8f2f2, org.springframework.security.web.context.SecurityContextPersistenceFilter@25e8e59, org.springframework.security.web.header.HeaderWriterFilter@6e0d16a4, org.springframework.security.web.authentication.logout.LogoutFilter@58601e7a, com.forever.blogserver.handler.MyUsernamePasswordAuthenticationFilter@4b476233, org.springframework.security.web.authentication.UsernamePasswordAuthenticationFilter@7aae1170, org.springframework.security.web.authentication.ui.DefaultLoginPageGeneratingFilter@6e00837f, org.springframework.security.web.authentication.ui.DefaultLogoutPageGeneratingFilter@72fb989b, org.springframework.security.web.savedrequest.RequestCacheAwareFilter@50a7c72b, org.springframework.security.web.servletapi.SecurityContextHolderAwareRequestFilter@d108406, org.springframework.security.web.authentication.AnonymousAuthenticationFilter@4f235e8e, org.springframework.security.web.session.SessionManagementFilter@305b43ca, org.springframework.security.web.access.ExceptionTranslationFilter@563317c1, org.springframework.security.web.access.intercept.FilterSecurityInterceptor@3407aa4f]
2021-06-02 01:11:51.027 [INFO ] com.forever.blogserver.BlogServerApplicationTests - Started BlogServerApplicationTests in 8.444 seconds (JVM running for 9.602)
2021-06-02 01:11:51.033 [INFO ] org.springframework.boot.availability.ApplicationAvailabilityBean - Application availability state LivenessState changed to CORRECT
2021-06-02 01:11:51.036 [INFO ] org.springframework.boot.availability.ApplicationAvailabilityBean - Application availability state ReadinessState changed to ACCEPTING_TRAFFIC
2021-06-02 01:12:33.941 [INFO ] com.forever.blogserver.BlogServerApplicationTests - Starting BlogServerApplicationTests using Java 1.8.0_271 on W10-20201212464 with PID 28016 (started by Lin in D:\UserData\Desktop\project\get-projiect\blog_2.0\blog-server)
2021-06-02 01:12:33.946 [INFO ] com.forever.blogserver.BlogServerApplicationTests - No active profile set, falling back to default profiles: default
2021-06-02 01:12:36.326 [INFO ] com.alibaba.druid.spring.boot.autoconfigure.DruidDataSourceAutoConfigure - Init DruidDataSource
2021-06-02 01:12:36.611 [INFO ] com.alibaba.druid.pool.DruidDataSource - {dataSource-1} inited
2021-06-02 01:12:39.408 [INFO ] org.springframework.boot.actuate.endpoint.web.EndpointLinksResolver - Exposing 1 endpoint(s) beneath base path '/actuator'
2021-06-02 01:12:40.559 [INFO ] org.springframework.security.web.DefaultSecurityFilterChain - Will secure any request with [org.springframework.security.web.context.request.async.WebAsyncManagerIntegrationFilter@597a7afa, org.springframework.security.web.context.SecurityContextPersistenceFilter@221b77d7, org.springframework.security.web.header.HeaderWriterFilter@25e8e59, org.springframework.security.web.authentication.logout.LogoutFilter@163e8949, com.forever.blogserver.handler.MyUsernamePasswordAuthenticationFilter@29dcdd1c, org.springframework.security.web.authentication.UsernamePasswordAuthenticationFilter@64c25a62, org.springframework.security.web.authentication.ui.DefaultLoginPageGeneratingFilter@1d17423f, org.springframework.security.web.authentication.ui.DefaultLogoutPageGeneratingFilter@7cdb7fc, org.springframework.security.web.savedrequest.RequestCacheAwareFilter@32a8ca06, org.springframework.security.web.servletapi.SecurityContextHolderAwareRequestFilter@6a5dd083, org.springframework.security.web.authentication.AnonymousAuthenticationFilter@524f5ea5, org.springframework.security.web.session.SessionManagementFilter@50a7c72b, org.springframework.security.web.access.ExceptionTranslationFilter@305b43ca, org.springframework.security.web.access.intercept.FilterSecurityInterceptor@10e56da9]
2021-06-02 01:12:41.598 [INFO ] com.forever.blogserver.BlogServerApplicationTests - Started BlogServerApplicationTests in 8.298 seconds (JVM running for 9.403)
2021-06-02 01:12:41.602 [INFO ] org.springframework.boot.availability.ApplicationAvailabilityBean - Application availability state LivenessState changed to CORRECT
2021-06-02 01:12:41.605 [INFO ] org.springframework.boot.availability.ApplicationAvailabilityBean - Application availability state ReadinessState changed to ACCEPTING_TRAFFIC
